2024-11-10 12:16:13,761 - app_logger - INFO - Model loaded successfully from /workspaces/Sentiment-Analysis/models/final_sentiment_model.h5
2024-11-10 12:16:13,882 - app_logger - INFO - Tokenizer loaded successfully from /workspaces/Sentiment-Analysis/models/tokenizer.pickle
2024-11-10 12:16:40,099 - app_logger - INFO - Clearing Text!
2024-11-10 12:16:40,099 - app_logger - INFO - Cleaned text: move best move words sure watch move
2024-11-10 12:16:40,630 - app_logger - INFO - Prediction made successfully for input text.
2024-11-10 12:16:40,631 - app_logger - INFO - Prediction result: Sentiment: Negative, Confidence: 0.46
2024-11-10 12:18:27,867 - app_logger - INFO - Clearing Text!
2024-11-10 12:18:27,867 - app_logger - INFO - Cleaned text: move best move words sure watch move
2024-11-10 12:18:27,931 - app_logger - INFO - Prediction made successfully for input text.
2024-11-10 12:18:27,931 - app_logger - INFO - Prediction result: Sentiment: Negative, Confidence: 0.46
2024-11-10 12:18:33,623 - app_logger - INFO - Clearing Text!
2024-11-10 12:18:33,624 - app_logger - INFO - Cleaned text: move best move words sure watch move
2024-11-10 12:18:33,698 - app_logger - INFO - Prediction made successfully for input text.
2024-11-10 12:18:33,698 - app_logger - INFO - Prediction result: Sentiment: Negative, Confidence: 0.46
2024-11-10 12:18:35,375 - app_logger - INFO - Clearing Text!
2024-11-10 12:18:35,375 - app_logger - INFO - Cleaned text: move best move words sure watch move
2024-11-10 12:18:35,435 - app_logger - INFO - Prediction made successfully for input text.
2024-11-10 12:18:35,435 - app_logger - INFO - Prediction result: Sentiment: Negative, Confidence: 0.46
2024-11-10 12:19:15,418 - app_logger - INFO - Clearing Text!
2024-11-10 12:19:15,418 - app_logger - INFO - Cleaned text: move best move words sure watch move
2024-11-10 12:19:15,481 - app_logger - INFO - Prediction made successfully for input text.
2024-11-10 12:19:15,481 - app_logger - INFO - Prediction result: Sentiment: Negative, Confidence: 0.46
2024-11-10 12:19:19,374 - app_logger - INFO - Clearing Text!
2024-11-10 12:19:19,374 - app_logger - INFO - Cleaned text: move best move words sure watch move
2024-11-10 12:19:19,435 - app_logger - INFO - Prediction made successfully for input text.
2024-11-10 12:19:19,435 - app_logger - INFO - Prediction result: Sentiment: Negative, Confidence: 0.46
2024-11-10 12:20:12,102 - app_logger - INFO - Clearing Text!
2024-11-10 12:20:12,102 - app_logger - INFO - Cleaned text: move best move words sure watch move
2024-11-10 12:20:12,161 - app_logger - INFO - Prediction made successfully for input text.
2024-11-10 12:20:12,161 - app_logger - INFO - Prediction result: Sentiment: Negative, Confidence: 0.46
2024-11-10 12:20:32,598 - app_logger - INFO - Clearing Text!
2024-11-10 12:20:32,599 - app_logger - INFO - Cleaned text: move best move words sure watch move
2024-11-10 12:20:32,657 - app_logger - INFO - Prediction made successfully for input text.
2024-11-10 12:20:32,658 - app_logger - INFO - Prediction result: Sentiment: Negative, Confidence: 0.46
2024-11-10 12:21:08,318 - app_logger - INFO - Clearing Text!
2024-11-10 12:21:08,318 - app_logger - INFO - Cleaned text: move best move words sure watch move
2024-11-10 12:21:08,388 - app_logger - INFO - Prediction made successfully for input text.
2024-11-10 12:21:08,389 - app_logger - INFO - Prediction result: Sentiment: Negative, Confidence: 0.46
